<?xml version="1.0" encoding="UTF-8"?>
<!-- Generated by org.testng.reporters.JUnitReportReporter -->
<testsuite hostname="inno0252-PC" failures="0" tests="1" name="tkpackelements.Tkelements" time="9.651" errors="0" timestamp="18 Dec 2019 13:39:01 GMT" skipped="0">
  <testcase classname="tkpackelements.Tkelements" name="initiate" time="9.651"/>
</testsuite> <!-- tkpackelements.Tkelements -->
