<?xml version="1.0" encoding="UTF-8"?>
<!-- Generated by org.testng.reporters.JUnitReportReporter -->
<testsuite hostname="inno0252-PC" failures="0" tests="1" name="Tkpacktest.Tktest" time="13.364" errors="0" timestamp="20 Dec 2019 05:05:39 GMT" skipped="0">
  <testcase classname="Tkpacktest.Tktest" name="execution" time="13.364"/>
</testsuite> <!-- Tkpacktest.Tktest -->
